<?xml version="1.0" encoding="UTF-8"?>
<testsuite xmlns:xsi="http://www.w3.org/2001/XMLSchema-instance" xsi:noNamespaceSchemaLocation="https://maven.apache.org/surefire/maven-surefire-plugin/xsd/surefire-test-report-3.0.xsd" version="3.0" name="com.example.springbootmall0726.controller.OrderControllerTest" time="4.698" tests="9" errors="0" skipped="0" failures="0">
  <properties>
[...]
</properties>
  <testcase name="getOrders_userHasNoOrders" classname="com.example.springbootmall0726.controller.OrderControllerTest" time="1.331">
    <system-out><![CDATA[16:26:08.002 [main] INFO org.springframework.test.context.support.AnnotationConfigContextLoaderUtils -- Could not detect default configuration classes for test class [com.example.springbootmall0726.controller.OrderControllerTest]: OrderControllerTest does not declare any static, non-private, non-final, nested classes annotated with @Configuration.
16:26:08.160 [main] INFO org.springframework.boot.test.context.SpringBootTestContextBootstrapper -- Found @SpringBootConfiguration com.example.springbootmall0726.SpringbootMall0726Application for test class com.example.springbootmall0726.controller.OrderControllerTest

  .   ____          _            __ _ _
 /\\ / ___'_ __ _ _(_)_ __  __ _ \ \ \ \
( ( )\___ | '_ | '_| | '_ \/ _` | \ \ \ \
 \\/  ___)| |_)| | | | | || (_| |  ) ) ) )
  '  |____| .__|_| |_|_| |_\__, | / / / /
 =========|_|==============|___/=/_/_/_/
 :: Spring Boot ::                (v3.1.2)

2023-08-10T16:26:08.655+08:00  INFO 15592 --- [           main] c.e.s.controller.OrderControllerTest     : Starting OrderControllerTest using Java 17.0.6 with PID 15592 (started by WEN in E:\Java\springboot-mall-deploy-test)
2023-08-10T16:26:08.657+08:00  INFO 15592 --- [           main] c.e.s.controller.OrderControllerTest     : No active profile set, falling back to 1 default profile: "default"
2023-08-10T16:26:09.793+08:00  INFO 15592 --- [           main] com.zaxxer.hikari.HikariDataSource       : HikariPool-1 - Starting...
2023-08-10T16:26:10.024+08:00  INFO 15592 --- [           main] com.zaxxer.hikari.pool.HikariPool        : HikariPool-1 - Added connection conn0: url=jdbc:h2:mem:testdb user=SA
2023-08-10T16:26:10.026+08:00  INFO 15592 --- [           main] com.zaxxer.hikari.HikariDataSource       : HikariPool-1 - Start completed.
2023-08-10T16:26:10.895+08:00  INFO 15592 --- [           main] o.s.b.t.m.w.SpringBootMockServletContext : Initializing Spring TestDispatcherServlet ''
2023-08-10T16:26:10.895+08:00  INFO 15592 --- [           main] o.s.t.web.servlet.TestDispatcherServlet  : Initializing Servlet ''
2023-08-10T16:26:10.898+08:00  INFO 15592 --- [           main] o.s.t.web.servlet.TestDispatcherServlet  : Completed initialization in 1 ms
2023-08-10T16:26:10.922+08:00  INFO 15592 --- [           main] c.e.s.controller.OrderControllerTest     : Started OrderControllerTest in 2.588 seconds (process running for 3.669)
]]></system-out>
  </testcase>
  <testcase name="getOrders_userNotFound" classname="com.example.springbootmall0726.controller.OrderControllerTest" time="0.009">
    <system-out><![CDATA[2023-08-10T16:26:12.279+08:00  WARN 15592 --- [           main] c.e.s.service.impl.OrderServiceImpl      : User ID: 999 is not exist
]]></system-out>
  </testcase>
  <testcase name="createOrder_stockInsufficient" classname="com.example.springbootmall0726.controller.OrderControllerTest" time="0.124">
    <system-out><![CDATA[2023-08-10T16:26:12.408+08:00  WARN 15592 --- [           main] c.e.s.service.impl.OrderServiceImpl      : Stock of product ID: 1 is insufficient! Stock is 10, wanted is 200
]]></system-out>
  </testcase>
  <testcase name="createOrder_userNotFound" classname="com.example.springbootmall0726.controller.OrderControllerTest" time="0.007">
    <system-out><![CDATA[2023-08-10T16:26:12.417+08:00  WARN 15592 --- [           main] c.e.s.service.impl.OrderServiceImpl      : User ID: 999 is not exist
]]></system-out>
  </testcase>
  <testcase name="createOrder_success" classname="com.example.springbootmall0726.controller.OrderControllerTest" time="0.042"/>
  <testcase name="getOrders_pagination" classname="com.example.springbootmall0726.controller.OrderControllerTest" time="0.014"/>
  <testcase name="createOrder_productNotFound" classname="com.example.springbootmall0726.controller.OrderControllerTest" time="0.013">
    <system-out><![CDATA[2023-08-10T16:26:12.484+08:00  WARN 15592 --- [           main] c.e.s.service.impl.OrderServiceImpl      : Product ID: 100 is not exist
]]></system-out>
  </testcase>
  <testcase name="createOrder_emptyBuyItemList" classname="com.example.springbootmall0726.controller.OrderControllerTest" time="0.029">
    <system-out><![CDATA[2023-08-10T16:26:12.521+08:00  WARN 15592 --- [           main] .w.s.m.s.DefaultHandlerExceptionResolver : Resolved [org.springframework.web.bind.MethodArgumentNotValidException: Validation failed for argument [1] in public org.springframework.http.ResponseEntity<com.example.springbootmall0726.model.Order> com.example.springbootmall0726.controller.OrderController.createOrder(java.lang.Integer,com.example.springbootmall0726.dto.CreateOrderRequest): [Field error in object 'createOrderRequest' on field 'buyItemList': rejected value [[]]; codes [NotEmpty.createOrderRequest.buyItemList,NotEmpty.buyItemList,NotEmpty.java.util.List,NotEmpty]; arguments [org.springframework.context.support.DefaultMessageSourceResolvable: codes [createOrderRequest.buyItemList,buyItemList]; arguments []; default message [buyItemList]]; default message [must not be empty]] ]
]]></system-out>
  </testcase>
  <testcase name="getOrders_success" classname="com.example.springbootmall0726.controller.OrderControllerTest" time="0.01"/>
</testsuite>